{
  "RSpec": {
    "coverage": {
      "/Users/calebwittman/turing/mod_3/projects/rails-engine/config/environment.rb": {
        "lines": [
          null,
          1,
          null,
          null,
          1
        ]
      },
      "/Users/calebwittman/turing/mod_3/projects/rails-engine/config/application.rb": {
        "lines": [
          1,
          null,
          1,
          null,
          1,
          1,
          1,
          1,
          1,
          1,
          1,
          1,
          1,
          1,
          null,
          null,
          null,
          null,
          null,
          1,
          null,
          1,
          1,
          null,
          1,
          null,
          null,
          null,
          null,
          null,
          null,
          null,
          null,
          null,
          null,
          null,
          null,
          1,
          null,
          null
        ]
      },
      "/Users/calebwittman/turing/mod_3/projects/rails-engine/config/boot.rb": {
        "lines": [
          1,
          null,
          1,
          1
        ]
      },
      "/Users/calebwittman/turing/mod_3/projects/rails-engine/config/environments/test.rb": {
        "lines": [
          1,
          null,
          null,
          null,
          null,
          null,
          null,
          1,
          null,
          null,
          1,
          1,
          null,
          null,
          null,
          null,
          1,
          null,
          null,
          1,
          1,
          null,
          null,
          null,
          null,
          1,
          1,
          1,
          null,
          null,
          1,
          null,
          null,
          1,
          null,
          null,
          1,
          null,
          1,
          null,
          null,
          null,
          null,
          1,
          null,
          null,
          1,
          null,
          null,
          1,
          null,
          null,
          1,
          null,
          null,
          null,
          null,
          null,
          null,
          null
        ]
      },
      "/Users/calebwittman/turing/mod_3/projects/rails-engine/config/initializers/application_controller_renderer.rb": {
        "lines": [
          null,
          null,
          null,
          null,
          null,
          null,
          null,
          null
        ]
      },
      "/Users/calebwittman/turing/mod_3/projects/rails-engine/config/initializers/backtrace_silencers.rb": {
        "lines": [
          null,
          null,
          null,
          null,
          null,
          null,
          null,
          1
        ]
      },
      "/Users/calebwittman/turing/mod_3/projects/rails-engine/config/initializers/cors.rb": {
        "lines": [
          null,
          null,
          null,
          null,
          null,
          null,
          null,
          null,
          null,
          null,
          null,
          null,
          null,
          null,
          null,
          null
        ]
      },
      "/Users/calebwittman/turing/mod_3/projects/rails-engine/config/initializers/filter_parameter_logging.rb": {
        "lines": [
          null,
          null,
          null,
          1,
          null,
          null
        ]
      },
      "/Users/calebwittman/turing/mod_3/projects/rails-engine/config/initializers/inflections.rb": {
        "lines": [
          null,
          null,
          null,
          null,
          null,
          null,
          null,
          null,
          null,
          null,
          null,
          null,
          null,
          null,
          null,
          null
        ]
      },
      "/Users/calebwittman/turing/mod_3/projects/rails-engine/config/initializers/mime_types.rb": {
        "lines": [
          null,
          null,
          null,
          null
        ]
      },
      "/Users/calebwittman/turing/mod_3/projects/rails-engine/config/initializers/wrap_parameters.rb": {
        "lines": [
          null,
          null,
          null,
          null,
          null,
          null,
          1,
          2,
          null,
          null,
          null,
          null,
          null,
          null
        ]
      },
      "/Users/calebwittman/turing/mod_3/projects/rails-engine/spec/factories/items.rb": {
        "lines": [
          1,
          1,
          287,
          287,
          287,
          1,
          null,
          null
        ]
      },
      "/Users/calebwittman/turing/mod_3/projects/rails-engine/spec/factories/merchants.rb": {
        "lines": [
          1,
          1,
          595,
          null,
          null
        ]
      },
      "/Users/calebwittman/turing/mod_3/projects/rails-engine/config/routes.rb": {
        "lines": [
          1,
          1,
          1,
          1,
          1,
          null,
          1,
          1,
          null,
          1,
          1,
          1,
          1,
          null,
          null,
          null,
          1,
          1,
          1,
          null,
          null,
          null,
          null,
          null
        ]
      },
      "/Users/calebwittman/turing/mod_3/projects/rails-engine/app/models/merchant.rb": {
        "lines": [
          1,
          1,
          null,
          1,
          8,
          null,
          null
        ]
      },
      "/Users/calebwittman/turing/mod_3/projects/rails-engine/app/models/application_record.rb": {
        "lines": [
          1,
          1,
          null
        ]
      },
      "/Users/calebwittman/turing/mod_3/projects/rails-engine/spec/requests/api/v1/item_request_spec.rb": {
        "lines": [
          1,
          null,
          1,
          1,
          1,
          null,
          1,
          null,
          1,
          1,
          null,
          1,
          null,
          null,
          1,
          1,
          null,
          1,
          null,
          1,
          1,
          null,
          1,
          null,
          null,
          1,
          1,
          null,
          1,
          null,
          1,
          1,
          null,
          1,
          null,
          null,
          1,
          1,
          null,
          1,
          null,
          1,
          1,
          null,
          1,
          null,
          null,
          1,
          1,
          null,
          1,
          null,
          1,
          1,
          null,
          1,
          null,
          null,
          1,
          1,
          null,
          1,
          null,
          1,
          1,
          null,
          1,
          null,
          null,
          1,
          1,
          null,
          1,
          null,
          1,
          1,
          null,
          1,
          null,
          null,
          1,
          1,
          null,
          1,
          null,
          1,
          1,
          null,
          1,
          null,
          null,
          1,
          1,
          null,
          1,
          null,
          1,
          null,
          1,
          null,
          1,
          1,
          1,
          1,
          null,
          null,
          1,
          1,
          null,
          1,
          null,
          null,
          null,
          null,
          null,
          1,
          null,
          1,
          null,
          1,
          null,
          1,
          1,
          1,
          1,
          1,
          null,
          null,
          1,
          1,
          1,
          1,
          1,
          1,
          null,
          1,
          1,
          null,
          1,
          1,
          1,
          null,
          null,
          1,
          1,
          null,
          2,
          null,
          1,
          2,
          null,
          null,
          1,
          1,
          1,
          1,
          1,
          null,
          1,
          null,
          1,
          null,
          1,
          1,
          1,
          1,
          null,
          null
        ]
      },
      "/Users/calebwittman/turing/mod_3/projects/rails-engine/spec/requests/api/v1/items/merchant_request_spec.rb": {
        "lines": [
          1,
          null,
          1,
          1,
          1,
          1,
          1,
          1,
          null,
          1,
          null,
          1,
          null,
          1,
          1,
          null,
          null
        ]
      },
      "/Users/calebwittman/turing/mod_3/projects/rails-engine/spec/requests/api/v1/merchant_requests_spec.rb": {
        "lines": [
          1,
          null,
          1,
          1,
          1,
          null,
          1,
          null,
          1,
          null,
          1,
          null,
          1,
          null,
          null,
          1,
          1,
          null,
          1,
          null,
          1,
          null,
          1,
          null,
          1,
          null,
          null,
          1,
          1,
          null,
          1,
          null,
          1,
          null,
          1,
          null,
          1,
          null,
          null,
          1,
          1,
          null,
          1,
          null,
          1,
          null,
          1,
          null,
          1,
          null,
          null,
          1,
          1,
          null,
          1,
          null,
          1,
          null,
          1,
          null,
          1,
          null,
          null,
          1,
          1,
          null,
          1,
          null,
          1,
          null,
          1,
          null,
          1,
          null,
          null,
          1,
          1,
          null,
          1,
          null,
          1,
          null,
          1,
          null,
          1,
          null,
          null,
          1,
          1,
          null,
          1,
          null,
          1,
          null,
          1,
          null,
          1,
          null,
          null,
          1,
          1,
          null,
          1,
          null,
          1,
          null,
          1,
          null,
          1,
          null,
          null,
          1,
          1,
          1,
          null,
          1,
          null,
          1,
          null,
          1,
          null,
          1,
          null,
          null
        ]
      },
      "/Users/calebwittman/turing/mod_3/projects/rails-engine/spec/requests/api/v1/merchants/items_request_spec.rb": {
        "lines": [
          1,
          null,
          1,
          1,
          1,
          1,
          null,
          1,
          null,
          1,
          null,
          1,
          null,
          1,
          null,
          null
        ]
      },
      "/Users/calebwittman/turing/mod_3/projects/rails-engine/app/models/item.rb": {
        "lines": [
          1,
          1,
          null,
          1,
          8,
          null,
          null
        ]
      },
      "/Users/calebwittman/turing/mod_3/projects/rails-engine/app/controllers/api/v1/items_controller.rb": {
        "lines": [
          1,
          1,
          8,
          2,
          null,
          null,
          8,
          2,
          null,
          null,
          8,
          1,
          1,
          7,
          3,
          3,
          4,
          3,
          3,
          null,
          1,
          1,
          null,
          null,
          null,
          1,
          1,
          null,
          null,
          1,
          1,
          null,
          1,
          null,
          null,
          1,
          1,
          1,
          null,
          null,
          1,
          1,
          null,
          null,
          1,
          1,
          null,
          1,
          1,
          null,
          null,
          null,
          1,
          1,
          2,
          null,
          null
        ]
      },
      "/Users/calebwittman/turing/mod_3/projects/rails-engine/app/controllers/application_controller.rb": {
        "lines": [
          1,
          null
        ]
      },
      "/Users/calebwittman/turing/mod_3/projects/rails-engine/app/serializers/item_serializer.rb": {
        "lines": [
          1,
          1,
          1,
          null
        ]
      },
      "/Users/calebwittman/turing/mod_3/projects/rails-engine/app/controllers/api/v1/items/merchant_controller.rb": {
        "lines": [
          1,
          1,
          1,
          null,
          1,
          null,
          null,
          null,
          null,
          null,
          null
        ]
      },
      "/Users/calebwittman/turing/mod_3/projects/rails-engine/app/serializers/merchant_serializer.rb": {
        "lines": [
          1,
          1,
          1,
          null
        ]
      },
      "/Users/calebwittman/turing/mod_3/projects/rails-engine/app/controllers/api/v1/merchants_controller.rb": {
        "lines": [
          1,
          1,
          8,
          2,
          null,
          null,
          8,
          6,
          null,
          null,
          8,
          4,
          4,
          4,
          0,
          0,
          4,
          4,
          4,
          null,
          0,
          0,
          null,
          null,
          null,
          1,
          1,
          1,
          null,
          null,
          1,
          1,
          null,
          1,
          1,
          null,
          null,
          null
        ]
      },
      "/Users/calebwittman/turing/mod_3/projects/rails-engine/app/controllers/api/v1/merchants/items_controller.rb": {
        "lines": [
          1,
          1,
          1,
          null,
          1,
          null,
          null
        ]
      }
    },
    "timestamp": 1626888193
  }
}
